app/build/outputs/logs/manifest-merger-debug-report.txt
-- Merging decision tree log ---
manifest
ADDED from src/main/AndroidManifest.xml:2:1-33:12
	package
		ADDED from src/main/AndroidManifest.xml:3:5-37
		INJECTED from src/main/AndroidManifest.xml
		INJECTED from src/main/AndroidManifest.xml
	android:versionName
		INJECTED from src/main/AndroidManifest.xml
		INJECTED from src/main/AndroidManifest.xml
	xmlns:android
		ADDED from src/main/AndroidManifest.xml:2:11-69
	android:versionCode
		INJECTED from src/main/AndroidManifest.xml
		INJECTED from src/main/AndroidManifest.xml
uses-permission#android.permission.INTERNET
ADDED from src/main/AndroidManifest.xml:5:5-67
MERGED from [com.thrivecom:ringcaptcha:1.0.11] AndroidManifest.xml:11:5-67
MERGED from [com.google.firebase:firebase-analytics:10.0.1] AndroidManifest.xml:20:5-66
MERGED from [com.google.firebase:firebase-analytics-impl:10.0.1] AndroidManifest.xml:20:5-66
MERGED from [com.google.firebase:firebase-iid:10.0.1] AndroidManifest.xml:20:5-66
	android:name
		ADDED from src/main/AndroidManifest.xml:5:22-64
uses-permission#android.permission.RECEIVE_SMS
ADDED from src/main/AndroidManifest.xml:6:5-70
MERGED from [com.thrivecom:ringcaptcha:1.0.11] AndroidManifest.xml:15:5-70
	android:name
		ADDED from src/main/AndroidManifest.xml:6:22-67
application
ADDED from src/main/AndroidManifest.xml:8:5-31:19
MERGED from [com.android.support.constraint:constraint-layout:1.0.2] AndroidManifest.xml:9:5-20
MERGED from [com.google.firebase:firebase-auth:10.0.1] AndroidManifest.xml:19:5-20:19
MERGED from [com.google.android.gms:play-services-base:10.0.1] AndroidManifest.xml:18:5-20:19
MERGED from [com.thrivecom:ringcaptcha:1.0.11] AndroidManifest.xml:19:5-94:19
MERGED from [com.android.support:design:26.0.0-alpha1] AndroidManifest.xml:29:5-20
MERGED from [com.android.support:appcompat-v7:26.0.0-alpha1] AndroidManifest.xml:29:5-20
MERGED from [com.android.support:animated-vector-drawable:26.0.0-alpha1] AndroidManifest.xml:26:5-20
MERGED from [com.android.support:support-vector-drawable:26.0.0-alpha1] AndroidManifest.xml:26:5-20
MERGED from [com.android.support:transition:26.0.0-alpha1] AndroidManifest.xml:26:5-20
MERGED from [com.google.firebase:firebase-core:10.0.1] AndroidManifest.xml:5:5-20
MERGED from [com.google.firebase:firebase-analytics:10.0.1] AndroidManifest.xml:24:5-33:19
MERGED from [com.google.firebase:firebase-analytics-impl:10.0.1] AndroidManifest.xml:24:5-28:19
MERGED from [com.google.firebase:firebase-iid:10.0.1] AndroidManifest.xml:28:5-50:19
MERGED from [com.google.firebase:firebase-common:10.0.1] AndroidManifest.xml:4:5-7:19
MERGED from [com.google.android.gms:play-services-tasks:10.0.1] AndroidManifest.xml:4:5-19
MERGED from [com.google.android.gms:play-services-basement:10.0.1] AndroidManifest.xml:19:5-21:19
MERGED from [com.android.support:support-v4:26.0.0-alpha1] AndroidManifest.xml:29:5-20
MERGED from [com.android.support:support-media-compat:26.0.0-alpha1] AndroidManifest.xml:29:5-20
MERGED from [com.android.support:support-fragment:26.0.0-alpha1] AndroidManifest.xml:29:5-20
MERGED from [com.android.support:support-core-ui:26.0.0-alpha1] AndroidManifest.xml:29:5-20
MERGED from [com.android.support:support-core-utils:26.0.0-alpha1] AndroidManifest.xml:29:5-20
MERGED from [com.android.support:support-compat:26.0.0-alpha1] AndroidManifest.xml:30:5-20
	android:label
		ADDED from src/main/AndroidManifest.xml:11:9-41
	android:supportsRtl
		ADDED from src/main/AndroidManifest.xml:13:9-35
	android:hardwareAccelerated
		ADDED from [com.thrivecom:ringcaptcha:1.0.11] AndroidManifest.xml:21:9-43
	android:roundIcon
		ADDED from src/main/AndroidManifest.xml:12:9-54
	android:allowBackup
		ADDED from src/main/AndroidManifest.xml:9:9-35
	android:icon
		ADDED from src/main/AndroidManifest.xml:10:9-39
	android:theme
		ADDED from src/main/AndroidManifest.xml:14:9-40
activity#com.reachuson.app.pdb1.Login
ADDED from src/main/AndroidManifest.xml:15:9-21:20
	android:name
		ADDED from src/main/AndroidManifest.xml:15:19-40
intent-filter#android.intent.action.MAIN+android.intent.category.LAUNCHER
ADDED from src/main/AndroidManifest.xml:16:13-20:29
action#android.intent.action.MAIN
ADDED from src/main/AndroidManifest.xml:17:17-69
	android:name
		ADDED from src/main/AndroidManifest.xml:17:25-66
category#android.intent.category.LAUNCHER
ADDED from src/main/AndroidManifest.xml:19:17-77
	android:name
		ADDED from src/main/AndroidManifest.xml:19:27-74
activity#com.reachuson.app.pdb1.Register
ADDED from src/main/AndroidManifest.xml:22:9-46
	android:name
		ADDED from src/main/AndroidManifest.xml:22:19-43
activity#com.reachuson.app.pdb1.MainActivity
ADDED from src/main/AndroidManifest.xml:23:9-50
	android:name
		ADDED from src/main/AndroidManifest.xml:23:19-47
activity#com.reachuson.app.pdb1.Verify
ADDED from src/main/AndroidManifest.xml:24:9-44
	android:name
		ADDED from src/main/AndroidManifest.xml:24:19-41
activity#com.reachuson.app.pdb1.Retailer
ADDED from src/main/AndroidManifest.xml:25:9-46
	android:name
		ADDED from src/main/AndroidManifest.xml:25:19-43
activity#com.reachuson.app.pdb1.Medical
ADDED from src/main/AndroidManifest.xml:26:9-45
	android:name
		ADDED from src/main/AndroidManifest.xml:26:19-42
activity#com.reachuson.app.pdb1.Reg_sup
ADDED from src/main/AndroidManifest.xml:27:9-45
	android:name
		ADDED from src/main/AndroidManifest.xml:27:19-42
activity#com.reachuson.app.pdb1.Type_checker
ADDED from src/main/AndroidManifest.xml:28:9-50
	android:name
		ADDED from src/main/AndroidManifest.xml:28:19-47
activity#com.reachuson.app.pdb1.Verify2
ADDED from src/main/AndroidManifest.xml:29:9-45
	android:name
		ADDED from src/main/AndroidManifest.xml:29:19-42
activity#com.reachuson.app.pdb1.Supplier
ADDED from src/main/AndroidManifest.xml:30:9-45
	android:name
		ADDED from src/main/AndroidManifest.xml:30:19-43
uses-sdk
INJECTED from src/main/AndroidManifest.xml reason: use-sdk injection requested
MERGED from [com.android.support.constraint:constraint-layout:1.0.2] AndroidManifest.xml:5:5-7:41
MERGED from [com.google.firebase:firebase-auth:10.0.1] AndroidManifest.xml:17:5-42
MERGED from [com.google.android.gms:play-services-base:10.0.1] AndroidManifest.xml:17:5-42
MERGED from [com.thrivecom:ringcaptcha:1.0.11] AndroidManifest.xml:7:5-9:41
MERGED from [com.android.support:design:26.0.0-alpha1] AndroidManifest.xml:21:5-23:62
MERGED from [com.android.support:appcompat-v7:26.0.0-alpha1] AndroidManifest.xml:21:5-23:78
MERGED from [com.android.support:animated-vector-drawable:26.0.0-alpha1] AndroidManifest.xml:20:5-44
MERGED from [com.android.support:support-vector-drawable:26.0.0-alpha1] AndroidManifest.xml:20:5-44
MERGED from [com.android.support:recyclerview-v7:26.0.0-alpha1] AndroidManifest.xml:20:5-44
MERGED from [com.android.support:transition:26.0.0-alpha1] AndroidManifest.xml:20:5-44
MERGED from [com.google.firebase:firebase-database:10.0.1] AndroidManifest.xml:3:5-42
MERGED from [com.google.firebase:firebase-database-connection:10.0.1] AndroidManifest.xml:3:5-42
MERGED from [com.google.firebase:firebase-core:10.0.1] AndroidManifest.xml:4:5-42
MERGED from [com.google.firebase:firebase-analytics:10.0.1] AndroidManifest.xml:17:5-42
MERGED from [com.google.firebase:firebase-analytics-impl:10.0.1] AndroidManifest.xml:17:5-42
MERGED from [com.google.firebase:firebase-iid:10.0.1] AndroidManifest.xml:17:5-42
MERGED from [com.google.firebase:firebase-common:10.0.1] AndroidManifest.xml:3:5-42
MERGED from [com.google.android.gms:play-services-tasks:10.0.1] AndroidManifest.xml:3:5-42
MERGED from [com.google.android.gms:play-services-basement:10.0.1] AndroidManifest.xml:17:5-42
MERGED from [com.android.support:support-v4:26.0.0-alpha1] AndroidManifest.xml:21:5-23:54
MERGED from [com.android.support:support-media-compat:26.0.0-alpha1] AndroidManifest.xml:21:5-23:63
MERGED from [com.android.support:support-fragment:26.0.0-alpha1] AndroidManifest.xml:21:5-23:60
MERGED from [com.android.support:support-core-ui:26.0.0-alpha1] AndroidManifest.xml:21:5-23:58
MERGED from [com.android.support:support-core-utils:26.0.0-alpha1] AndroidManifest.xml:21:5-23:61
MERGED from [com.android.support:support-compat:26.0.0-alpha1] AndroidManifest.xml:21:5-23:58
	tools:overrideLibrary
		ADDED from [com.android.support:design:26.0.0-alpha1] AndroidManifest.xml:23:9-59
	android:targetSdkVersion
		INJECTED from src/main/AndroidManifest.xml
		INJECTED from src/main/AndroidManifest.xml
	android:minSdkVersion
		INJECTED from src/main/AndroidManifest.xml
		INJECTED from src/main/AndroidManifest.xml
activity#com.google.android.gms.common.api.GoogleApiActivity
ADDED from [com.google.android.gms:play-services-base:10.0.1] AndroidManifest.xml:19:9-172
	android:exported
		ADDED from [com.google.android.gms:play-services-base:10.0.1] AndroidManifest.xml:19:146-170
	android:theme
		ADDED from [com.google.android.gms:play-services-base:10.0.1] AndroidManifest.xml:19:86-145
	android:name
		ADDED from [com.google.android.gms:play-services-base:10.0.1] AndroidManifest.xml:19:19-85
uses-permission#android.permission.ACCESS_NETWORK_STATE
ADDED from [com.thrivecom:ringcaptcha:1.0.11] AndroidManifest.xml:12:5-79
MERGED from [com.google.firebase:firebase-analytics:10.0.1] AndroidManifest.xml:21:5-78
MERGED from [com.google.firebase:firebase-analytics-impl:10.0.1] AndroidManifest.xml:21:5-78
MERGED from [com.google.firebase:firebase-iid:10.0.1] AndroidManifest.xml:19:5-78
	android:name
		ADDED from [com.thrivecom:ringcaptcha:1.0.11] AndroidManifest.xml:12:22-76
uses-permission#android.permission.ACCESS_FINE_LOCATION
ADDED from [com.thrivecom:ringcaptcha:1.0.11] AndroidManifest.xml:13:5-79
	android:name
		ADDED from [com.thrivecom:ringcaptcha:1.0.11] AndroidManifest.xml:13:22-76
uses-permission#android.permission.READ_PHONE_STATE
ADDED from [com.thrivecom:ringcaptcha:1.0.11] AndroidManifest.xml:14:5-75
	android:name
		ADDED from [com.thrivecom:ringcaptcha:1.0.11] AndroidManifest.xml:14:22-72
uses-permission#android.permission.READ_SMS
ADDED from [com.thrivecom:ringcaptcha:1.0.11] AndroidManifest.xml:16:5-67
	android:name
		ADDED from [com.thrivecom:ringcaptcha:1.0.11] AndroidManifest.xml:16:22-64
uses-permission#android.permission.WRITE_SMS
ADDED from [com.thrivecom:ringcaptcha:1.0.11] AndroidManifest.xml:17:5-68
	android:name
		ADDED from [com.thrivecom:ringcaptcha:1.0.11] AndroidManifest.xml:17:22-65
activity#com.thrivecom.ringcaptcha.SetNumberActivity
ADDED from [com.thrivecom:ringcaptcha:1.0.11] AndroidManifest.xml:45:9-51:20
	android:screenOrientation
		ADDED from [com.thrivecom:ringcaptcha:1.0.11] AndroidManifest.xml:48:13-47
	android:windowSoftInputMode
		ADDED from [com.thrivecom:ringcaptcha:1.0.11] AndroidManifest.xml:50:13-78
	android:configChanges
		ADDED from [com.thrivecom:ringcaptcha:1.0.11] AndroidManifest.xml:47:13-83
	android:theme
		ADDED from [com.thrivecom:ringcaptcha:1.0.11] AndroidManifest.xml:49:13-44
	android:name
		ADDED from [com.thrivecom:ringcaptcha:1.0.11] AndroidManifest.xml:46:13-71
activity#com.thrivecom.ringcaptcha.HelpActivity
ADDED from [com.thrivecom:ringcaptcha:1.0.11] AndroidManifest.xml:52:9-57:20
	android:screenOrientation
		ADDED from [com.thrivecom:ringcaptcha:1.0.11] AndroidManifest.xml:55:13-47
	android:configChanges
		ADDED from [com.thrivecom:ringcaptcha:1.0.11] AndroidManifest.xml:54:13-63
	android:theme
		ADDED from [com.thrivecom:ringcaptcha:1.0.11] AndroidManifest.xml:56:13-44
	android:name
		ADDED from [com.thrivecom:ringcaptcha:1.0.11] AndroidManifest.xml:53:13-66
activity#com.thrivecom.ringcaptcha.VerifyActivity
ADDED from [com.thrivecom:ringcaptcha:1.0.11] AndroidManifest.xml:58:9-63:20
	android:screenOrientation
		ADDED from [com.thrivecom:ringcaptcha:1.0.11] AndroidManifest.xml:61:13-47
	android:configChanges
		ADDED from [com.thrivecom:ringcaptcha:1.0.11] AndroidManifest.xml:60:13-63
	android:theme
		ADDED from [com.thrivecom:ringcaptcha:1.0.11] AndroidManifest.xml:62:13-44
	android:name
		ADDED from [com.thrivecom:ringcaptcha:1.0.11] AndroidManifest.xml:59:13-68
activity#com.thrivecom.ringcaptcha.CountryListActivity
ADDED from [com.thrivecom:ringcaptcha:1.0.11] AndroidManifest.xml:64:9-69:20
	android:screenOrientation
		ADDED from [com.thrivecom:ringcaptcha:1.0.11] AndroidManifest.xml:67:13-47
	android:configChanges
		ADDED from [com.thrivecom:ringcaptcha:1.0.11] AndroidManifest.xml:66:13-63
	android:theme
		ADDED from [com.thrivecom:ringcaptcha:1.0.11] AndroidManifest.xml:68:13-44
	android:name
		ADDED from [com.thrivecom:ringcaptcha:1.0.11] AndroidManifest.xml:65:13-73
activity#com.thrivecom.ringcaptcha.OnboardActivity
ADDED from [com.thrivecom:ringcaptcha:1.0.11] AndroidManifest.xml:70:9-75:20
	android:screenOrientation
		ADDED from [com.thrivecom:ringcaptcha:1.0.11] AndroidManifest.xml:73:13-47
	android:configChanges
		ADDED from [com.thrivecom:ringcaptcha:1.0.11] AndroidManifest.xml:72:13-63
	android:theme
		ADDED from [com.thrivecom:ringcaptcha:1.0.11] AndroidManifest.xml:74:13-44
	android:name
		ADDED from [com.thrivecom:ringcaptcha:1.0.11] AndroidManifest.xml:71:13-69
activity#com.thrivecom.ringcaptcha.CodeActivity
ADDED from [com.thrivecom:ringcaptcha:1.0.11] AndroidManifest.xml:76:9-82:20
	android:screenOrientation
		ADDED from [com.thrivecom:ringcaptcha:1.0.11] AndroidManifest.xml:79:13-47
	android:windowSoftInputMode
		ADDED from [com.thrivecom:ringcaptcha:1.0.11] AndroidManifest.xml:81:13-78
	android:configChanges
		ADDED from [com.thrivecom:ringcaptcha:1.0.11] AndroidManifest.xml:78:13-63
	android:theme
		ADDED from [com.thrivecom:ringcaptcha:1.0.11] AndroidManifest.xml:80:13-44
	android:name
		ADDED from [com.thrivecom:ringcaptcha:1.0.11] AndroidManifest.xml:77:13-66
receiver#com.thrivecom.ringcaptcha.RingcaptchaAPIController
ADDED from [com.thrivecom:ringcaptcha:1.0.11] AndroidManifest.xml:84:9-93:20
	android:enabled
		ADDED from [com.thrivecom:ringcaptcha:1.0.11] AndroidManifest.xml:86:13-35
	android:exported
		ADDED from [com.thrivecom:ringcaptcha:1.0.11] AndroidManifest.xml:87:13-36
	android:name
		ADDED from [com.thrivecom:ringcaptcha:1.0.11] AndroidManifest.xml:85:13-78
intent-filter#android.provider.Telephony.SMS_RECEIVED
ADDED from [com.thrivecom:ringcaptcha:1.0.11] AndroidManifest.xml:88:13-92:29
	android:priority
		ADDED from [com.thrivecom:ringcaptcha:1.0.11] AndroidManifest.xml:88:28-50
action#android.provider.Telephony.SMS_RECEIVED
ADDED from [com.thrivecom:ringcaptcha:1.0.11] AndroidManifest.xml:89:17-91:44
	android:scheme
		ADDED from [com.thrivecom:ringcaptcha:1.0.11] AndroidManifest.xml:91:21-41
	android:name
		ADDED from [com.thrivecom:ringcaptcha:1.0.11] AndroidManifest.xml:90:21-75
meta-data#android.support.VERSION
ADDED from [com.android.support:design:26.0.0-alpha1] AndroidManifest.xml:25:5-27:41
MERGED from [com.android.support:appcompat-v7:26.0.0-alpha1] AndroidManifest.xml:25:5-27:41
MERGED from [com.android.support:animated-vector-drawable:26.0.0-alpha1] AndroidManifest.xml:22:5-24:41
MERGED from [com.android.support:support-vector-drawable:26.0.0-alpha1] AndroidManifest.xml:22:5-24:41
MERGED from [com.android.support:recyclerview-v7:26.0.0-alpha1] AndroidManifest.xml:22:5-24:41
MERGED from [com.android.support:transition:26.0.0-alpha1] AndroidManifest.xml:22:5-24:41
MERGED from [com.android.support:support-v4:26.0.0-alpha1] AndroidManifest.xml:25:5-27:41
MERGED from [com.android.support:support-media-compat:26.0.0-alpha1] AndroidManifest.xml:25:5-27:41
MERGED from [com.android.support:support-fragment:26.0.0-alpha1] AndroidManifest.xml:25:5-27:41
MERGED from [com.android.support:support-core-ui:26.0.0-alpha1] AndroidManifest.xml:25:5-27:41
MERGED from [com.android.support:support-core-utils:26.0.0-alpha1] AndroidManifest.xml:25:5-27:41
MERGED from [com.android.support:support-compat:26.0.0-alpha1] AndroidManifest.xml:25:5-27:41
	android:value
		ADDED from [com.android.support:design:26.0.0-alpha1] AndroidManifest.xml:27:9-38
	android:name
		ADDED from [com.android.support:design:26.0.0-alpha1] AndroidManifest.xml:26:9-47
uses-permission#android.permission.WAKE_LOCK
ADDED from [com.google.firebase:firebase-analytics:10.0.1] AndroidManifest.xml:22:5-67
MERGED from [com.google.firebase:firebase-analytics-impl:10.0.1] AndroidManifest.xml:22:5-67
MERGED from [com.google.firebase:firebase-iid:10.0.1] AndroidManifest.xml:21:5-67
	android:name
		ADDED from [com.google.firebase:firebase-analytics:10.0.1] AndroidManifest.xml:22:22-65
receiver#com.google.android.gms.measurement.AppMeasurementReceiver
ADDED from [com.google.firebase:firebase-analytics:10.0.1] AndroidManifest.xml:25:7-26:18
MERGED from [com.google.firebase:firebase-analytics-impl:10.0.1] AndroidManifest.xml:25:7-26:18
	android:enabled
		ADDED from [com.google.firebase:firebase-analytics:10.0.1] AndroidManifest.xml:25:90-112
	android:exported
		ADDED from [com.google.firebase:firebase-analytics:10.0.1] AndroidManifest.xml:25:113-137
	android:name
		ADDED from [com.google.firebase:firebase-analytics:10.0.1] AndroidManifest.xml:25:17-89
receiver#com.google.android.gms.measurement.AppMeasurementInstallReferrerReceiver
ADDED from [com.google.firebase:firebase-analytics:10.0.1] AndroidManifest.xml:27:7-31:18
	android:enabled
		ADDED from [com.google.firebase:firebase-analytics:10.0.1] AndroidManifest.xml:27:162-184
	android:permission
		ADDED from [com.google.firebase:firebase-analytics:10.0.1] AndroidManifest.xml:27:105-161
	android:name
		ADDED from [com.google.firebase:firebase-analytics:10.0.1] AndroidManifest.xml:27:17-104
intent-filter#com.android.vending.INSTALL_REFERRER
ADDED from [com.google.firebase:firebase-analytics:10.0.1] AndroidManifest.xml:28:11-30:27
action#com.android.vending.INSTALL_REFERRER
ADDED from [com.google.firebase:firebase-analytics:10.0.1] AndroidManifest.xml:29:15-76
	android:name
		ADDED from [com.google.firebase:firebase-analytics:10.0.1] AndroidManifest.xml:29:23-74
service#com.google.android.gms.measurement.AppMeasurementService
ADDED from [com.google.firebase:firebase-analytics:10.0.1] AndroidManifest.xml:32:7-137
MERGED from [com.google.firebase:firebase-analytics-impl:10.0.1] AndroidManifest.xml:27:7-137
	android:enabled
		ADDED from [com.google.firebase:firebase-analytics:10.0.1] AndroidManifest.xml:32:88-110
	android:exported
		ADDED from [com.google.firebase:firebase-analytics:10.0.1] AndroidManifest.xml:32:111-135
	android:name
		ADDED from [com.google.firebase:firebase-analytics:10.0.1] AndroidManifest.xml:32:16-87
uses-permission#com.google.android.c2dm.permission.RECEIVE
ADDED from [com.google.firebase:firebase-iid:10.0.1] AndroidManifest.xml:22:5-81
	android:name
		ADDED from [com.google.firebase:firebase-iid:10.0.1] AndroidManifest.xml:22:22-79
permission#${applicationId}.permission.C2D_MESSAGE
ADDED from [com.google.firebase:firebase-iid:10.0.1] AndroidManifest.xml:24:5-109
	android:protectionLevel
		ADDED from [com.google.firebase:firebase-iid:10.0.1] AndroidManifest.xml:24:72-107
	android:name
		ADDED from [com.google.firebase:firebase-iid:10.0.1] AndroidManifest.xml:24:17-71
uses-permission#${applicationId}.permission.C2D_MESSAGE
ADDED from [com.google.firebase:firebase-iid:10.0.1] AndroidManifest.xml:26:5-78
	android:name
		ADDED from [com.google.firebase:firebase-iid:10.0.1] AndroidManifest.xml:26:22-76
receiver#com.google.firebase.iid.FirebaseInstanceIdReceiver
ADDED from [com.google.firebase:firebase-iid:10.0.1] AndroidManifest.xml:30:9-36:20
	android:exported
		ADDED from [com.google.firebase:firebase-iid:10.0.1] AndroidManifest.xml:30:85-108
	android:permission
		ADDED from [com.google.firebase:firebase-iid:10.0.1] AndroidManifest.xml:30:109-169
	android:name
		ADDED from [com.google.firebase:firebase-iid:10.0.1] AndroidManifest.xml:30:19-84
intent-filter#${applicationId}+com.google.android.c2dm.intent.RECEIVE+com.google.android.c2dm.intent.REGISTRATION
ADDED from [com.google.firebase:firebase-iid:10.0.1] AndroidManifest.xml:31:13-35:29
action#com.google.android.c2dm.intent.RECEIVE
ADDED from [com.google.firebase:firebase-iid:10.0.1] AndroidManifest.xml:32:17-80
	android:name
		ADDED from [com.google.firebase:firebase-iid:10.0.1] AndroidManifest.xml:32:25-78
action#com.google.android.c2dm.intent.REGISTRATION
ADDED from [com.google.firebase:firebase-iid:10.0.1] AndroidManifest.xml:33:17-85
	android:name
		ADDED from [com.google.firebase:firebase-iid:10.0.1] AndroidManifest.xml:33:25-83
category#${applicationId}
ADDED from [com.google.firebase:firebase-iid:10.0.1] AndroidManifest.xml:34:17-60
	android:name
		ADDED from [com.google.firebase:firebase-iid:10.0.1] AndroidManifest.xml:34:27-58
receiver#com.google.firebase.iid.FirebaseInstanceIdInternalReceiver
ADDED from [com.google.firebase:firebase-iid:10.0.1] AndroidManifest.xml:40:9-119
	android:exported
		ADDED from [com.google.firebase:firebase-iid:10.0.1] AndroidManifest.xml:40:93-117
	android:name
		ADDED from [com.google.firebase:firebase-iid:10.0.1] AndroidManifest.xml:40:19-92
service#com.google.firebase.iid.FirebaseInstanceIdService
ADDED from [com.google.firebase:firebase-iid:10.0.1] AndroidManifest.xml:44:9-48:19
	android:exported
		ADDED from [com.google.firebase:firebase-iid:10.0.1] AndroidManifest.xml:44:83-106
	android:name
		ADDED from [com.google.firebase:firebase-iid:10.0.1] AndroidManifest.xml:44:18-82
intent-filter#com.google.firebase.INSTANCE_ID_EVENT
ADDED from [com.google.firebase:firebase-iid:10.0.1] AndroidManifest.xml:45:13-47:29
	android:priority
		ADDED from [com.google.firebase:firebase-iid:10.0.1] AndroidManifest.xml:45:28-51
action#com.google.firebase.INSTANCE_ID_EVENT
ADDED from [com.google.firebase:firebase-iid:10.0.1] AndroidManifest.xml:46:17-79
	android:name
		ADDED from [com.google.firebase:firebase-iid:10.0.1] AndroidManifest.xml:46:25-77
provider#com.google.firebase.provider.FirebaseInitProvider
ADDED from [com.google.firebase:firebase-common:10.0.1] AndroidManifest.xml:6:9-194
	android:authorities
		ADDED from [com.google.firebase:firebase-common:10.0.1] AndroidManifest.xml:6:19-78
	android:exported
		ADDED from [com.google.firebase:firebase-common:10.0.1] AndroidManifest.xml:6:144-168
	android:initOrder
		ADDED from [com.google.firebase:firebase-common:10.0.1] AndroidManifest.xml:6:169-192
	android:name
		ADDED from [com.google.firebase:firebase-common:10.0.1] AndroidManifest.xml:6:79-143
meta-data#com.google.android.gms.version
ADDED from [com.google.android.gms:play-services-basement:10.0.1] AndroidManifest.xml:20:9-121
	android:value
		ADDED from [com.google.android.gms:play-services-basement:10.0.1] AndroidManifest.xml:20:66-119
	android:name
		ADDED from [com.google.android.gms:play-services-basement:10.0.1] AndroidManifest.xml:20:20-65